Configuring profunctors-5.2...
Building profunctors-5.2...
Preprocessing library profunctors-5.2...
[ 1 of 15] Compiling Data.Profunctor.Unsafe ( src\Data\Profunctor\Unsafe.hs, .stack-work\dist\ca59d0ab\build\Data\Profunctor\Unsafe.o )
[ 2 of 15] Compiling Data.Profunctor.Types ( src\Data\Profunctor\Types.hs, .stack-work\dist\ca59d0ab\build\Data\Profunctor\Types.o )
[ 3 of 15] Compiling Data.Profunctor.Monad ( src\Data\Profunctor\Monad.hs, .stack-work\dist\ca59d0ab\build\Data\Profunctor\Monad.o )
[ 4 of 15] Compiling Data.Profunctor.Adjunction ( src\Data\Profunctor\Adjunction.hs, .stack-work\dist\ca59d0ab\build\Data\Profunctor\Adjunction.o )
[ 5 of 15] Compiling Data.Profunctor.Strong ( src\Data\Profunctor\Strong.hs, .stack-work\dist\ca59d0ab\build\Data\Profunctor\Strong.o )
[ 6 of 15] Compiling Data.Profunctor.Choice ( src\Data\Profunctor\Choice.hs, .stack-work\dist\ca59d0ab\build\Data\Profunctor\Choice.o )
[ 7 of 15] Compiling Data.Profunctor.Closed ( src\Data\Profunctor\Closed.hs, .stack-work\dist\ca59d0ab\build\Data\Profunctor\Closed.o )
[ 8 of 15] Compiling Data.Profunctor.Traversing ( src\Data\Profunctor\Traversing.hs, .stack-work\dist\ca59d0ab\build\Data\Profunctor\Traversing.o )
[ 9 of 15] Compiling Data.Profunctor.Mapping ( src\Data\Profunctor\Mapping.hs, .stack-work\dist\ca59d0ab\build\Data\Profunctor\Mapping.o )
[10 of 15] Compiling Data.Profunctor  ( src\Data\Profunctor.hs, .stack-work\dist\ca59d0ab\build\Data\Profunctor.o )
[11 of 15] Compiling Data.Profunctor.Cayley ( src\Data\Profunctor\Cayley.hs, .stack-work\dist\ca59d0ab\build\Data\Profunctor\Cayley.o )
[12 of 15] Compiling Data.Profunctor.Sieve ( src\Data\Profunctor\Sieve.hs, .stack-work\dist\ca59d0ab\build\Data\Profunctor\Sieve.o )
[13 of 15] Compiling Data.Profunctor.Rep ( src\Data\Profunctor\Rep.hs, .stack-work\dist\ca59d0ab\build\Data\Profunctor\Rep.o )
[14 of 15] Compiling Data.Profunctor.Composition ( src\Data\Profunctor\Composition.hs, .stack-work\dist\ca59d0ab\build\Data\Profunctor\Composition.o )
[15 of 15] Compiling Data.Profunctor.Ran ( src\Data\Profunctor\Ran.hs, .stack-work\dist\ca59d0ab\build\Data\Profunctor\Ran.o )
ghc.EXE: addLibrarySearchPath: C:\Users\Yotam\AppData\Local\Programs\stack\x86_64-windows\msys2-20150512\usr\lib\gcc\x86_64-pc-msys\6.3.0 (Win32 error 3): The system cannot find the path specified.
ghc.EXE: addLibrarySearchPath: C:\Users\Yotam\AppData\Local\Programs\stack\x86_64-windows\msys2-20150512\usr\lib\gcc\x86_64-pc-msys\6.3.0 (Win32 error 3): The system cannot find the path specified.
ghc.EXE: addLibrarySearchPath: C:\Users\Yotam\AppData\Local\Programs\stack\x86_64-windows\msys2-20150512\usr\lib\gcc\x86_64-pc-msys\6.3.0 (Win32 error 3): The system cannot find the path specified.
ghc.EXE: addLibrarySearchPath: C:\Users\Yotam\AppData\Local\Programs\stack\x86_64-windows\msys2-20150512\usr\lib\gcc\x86_64-pc-msys\6.3.0 (Win32 error 3): The system cannot find the path specified.
ghc.EXE: addLibrarySearchPath: C:\Users\Yotam\AppData\Local\Programs\stack\x86_64-windows\msys2-20150512\usr\lib\gcc\x86_64-pc-msys\6.3.0 (Win32 error 3): The system cannot find the path specified.
ghc.EXE: addLibrarySearchPath: C:\Users\Yotam\AppData\Local\Programs\stack\x86_64-windows\msys2-20150512\usr\lib\gcc\x86_64-pc-msys\6.3.0 (Win32 error 3): The system cannot find the path specified.
ghc.EXE: addLibrarySearchPath: C:\Users\Yotam\AppData\Local\Programs\stack\x86_64-windows\msys2-20150512\usr\lib\gcc\x86_64-pc-msys\6.3.0 (Win32 error 3): The system cannot find the path specified.
ghc.EXE: addLibrarySearchPath: C:\Users\Yotam\AppData\Local\Programs\stack\x86_64-windows\msys2-20150512\usr\lib\gcc\x86_64-pc-msys\6.3.0 (Win32 error 3): The system cannot find the path specified.
ghc.EXE: addLibrarySearchPath: C:\Users\Yotam\AppData\Local\Programs\stack\x86_64-windows\msys2-20150512\usr\lib\gcc\x86_64-pc-msys\6.3.0 (Win32 error 3): The system cannot find the path specified.
Installing library in
C:\sr\snapshots\b201cfe6\lib\x86_64-windows-ghc-8.0.2\profunctors-5.2-LTPUGUlVWiYHGoUx7DQsD5
Registering profunctors-5.2...
